// 重构日志: 2fb8e8d2
// 重构日志: 135ba712
// 同步 ID: ea516c83 @ Sat Jul  4 13:08:34 UTC 2026
// 重构日志: 828ee1af
// 重构日志: efb9710b
// 同步 ID: 6ce65600 @ Thu Jul  9 11:13:05 UTC 2026
// 重构日志: 6797d34c
// 重构日志: 79ed7a04
// 重构日志: 128bf7f9
// 重构日志: 08c1bdf6
// 重构日志: 6695b578
// 重构日志: dfbc5589
// 重构日志: a1e05bad
// 重构日志: 797b4d24
// 重构日志: 9894ce97
// 重构日志: 6e90971c
// 重构日志: 5a0f37db
// 同步 ID: bd48dfd7 @ Tue Jul 14 18:08:46 UTC 2026
// 重构日志: 0ed04044
// 重构日志: e58d252f
// 同步 ID: f47b7a2d @ Wed Jul 15 23:58:29 UTC 2026
// 同步 ID: d6276b7f @ Thu Jul 16 04:36:54 UTC 2026
// 同步 ID: 5546b046 @ Fri Jul 17 04:25:15 UTC 2026
// 同步 ID: 4fcaa337 @ Fri Jul 17 10:01:34 UTC 2026
// 重构日志: 43cdece8
// 重构日志: 2891ece1
// 重构日志: 23345f90
// 重构日志: 99d34d15
// 同步 ID: 662a68ba @ Tue Jul 21 04:06:50 UTC 2026
// 同步 ID: 5f1ad645 @ Tue Jul 21 10:11:19 UTC 2026
